C:\Amit Stuff's\g\Derek\SkeletonViewer\Debug\cl.command.1.tlog
C:\Amit Stuff's\g\Derek\SkeletonViewer\Debug\CL.read.1.tlog
C:\Amit Stuff's\g\Derek\SkeletonViewer\Debug\CL.write.1.tlog
C:\AMIT STUFF'S\G\DEREK\SKELETONVIEWER\DEBUG\DRAWDEVICE.OBJ
C:\AMIT STUFF'S\G\DEREK\SKELETONVIEWER\DEBUG\IMAGERENDERER.OBJ
C:\Amit Stuff's\g\Derek\SkeletonViewer\Debug\link.command.1.tlog
C:\Amit Stuff's\g\Derek\SkeletonViewer\Debug\link.read.1.tlog
C:\Amit Stuff's\g\Derek\SkeletonViewer\Debug\link.write.1.tlog
C:\Amit Stuff's\g\Derek\SkeletonViewer\Debug\link-cvtres.read.1.tlog
C:\Amit Stuff's\g\Derek\SkeletonViewer\Debug\link-cvtres.write.1.tlog
C:\Amit Stuff's\g\Derek\SkeletonViewer\Debug\mt.command.1.tlog
C:\Amit Stuff's\g\Derek\SkeletonViewer\Debug\mt.read.1.tlog
C:\Amit Stuff's\g\Derek\SkeletonViewer\Debug\mt.write.1.tlog
C:\AMIT STUFF'S\G\DEREK\SKELETONVIEWER\DEBUG\NUIIMPL.OBJ
C:\Amit Stuff's\g\Derek\SkeletonViewer\Debug\rc.command.1.tlog
C:\Amit Stuff's\g\Derek\SkeletonViewer\Debug\rc.read.1.tlog
C:\Amit Stuff's\g\Derek\SkeletonViewer\Debug\rc.write.1.tlog
C:\AMIT STUFF'S\G\DEREK\SKELETONVIEWER\DEBUG\SKELETALVIEWER.EXE
C:\AMIT STUFF'S\G\DEREK\SKELETONVIEWER\DEBUG\SKELETALVIEWER.EXE.EMBED.MANIFEST
C:\AMIT STUFF'S\G\DEREK\SKELETONVIEWER\DEBUG\SKELETALVIEWER.EXE.EMBED.MANIFEST.RES
C:\AMIT STUFF'S\G\DEREK\SKELETONVIEWER\DEBUG\SKELETALVIEWER.EXE.INTERMEDIATE.MANIFEST
C:\AMIT STUFF'S\G\DEREK\SKELETONVIEWER\DEBUG\SKELETALVIEWER.ILK
C:\AMIT STUFF'S\G\DEREK\SKELETONVIEWER\DEBUG\SKELETALVIEWER.OBJ
C:\AMIT STUFF'S\G\DEREK\SKELETONVIEWER\DEBUG\SKELETALVIEWER.PCH
C:\AMIT STUFF'S\G\DEREK\SKELETONVIEWER\DEBUG\SKELETALVIEWER.PDB
C:\AMIT STUFF'S\G\DEREK\SKELETONVIEWER\DEBUG\SKELETALVIEWER.RES
C:\Amit Stuff's\g\Derek\SkeletonViewer\Debug\SkeletalViewer_manifest.rc
C:\AMIT STUFF'S\G\DEREK\SKELETONVIEWER\DEBUG\STDAFX.OBJ
C:\Amit Stuff's\g\Derek\SkeletonViewer\Debug\vc100.idb
C:\AMIT STUFF'S\G\DEREK\SKELETONVIEWER\DEBUG\VC100.PDB
